0 info it worked if it ends with ok
1 verbose cli [ '/home/eggnog/.nvm/versions/node/v6.9.2/bin/node',
1 verbose cli   '/home/eggnog/.nvm/versions/node/v6.9.2/bin/npm',
1 verbose cli   'start' ]
2 info using npm@3.10.9
3 info using node@v6.9.2
4 verbose run-script [ 'prestart', 'start', 'poststart' ]
5 info lifecycle @~prestart: @
6 silly lifecycle @~prestart: no script for prestart, continuing
7 info lifecycle @~start: @
8 verbose lifecycle @~start: unsafe-perm in lifecycle true
9 verbose lifecycle @~start: PATH: /home/eggnog/.nvm/versions/node/v6.9.2/lib/node_modules/npm/bin/node-gyp-bin:/home/eggnog/rabin-science/demo/maps/node_modules/.bin:/home/eggnog/Documents/google-cloud-sdk/bin:/home/eggnog/.nvm/versions/node/v6.9.2/bin:/home/eggnog/anaconda2/bin:/home/eggnog/bin:/home/eggnog/.local/bin:/usr/local/sbin:/usr/local/bin:/usr/sbin:/usr/bin:/sbin:/bin:/usr/games:/usr/local/games:/snap/bin:/home/eggnog/.go/bin
10 verbose lifecycle @~start: CWD: /home/eggnog/rabin-science/demo/maps
11 silly lifecycle @~start: Args: [ '-c', 'budo app.js:bundle.js --live -- -t babelify' ]
12 silly lifecycle @~start: Returned: code: 1  signal: null
13 info lifecycle @~start: Failed to exec start script
14 verbose stack Error: @ start: `budo app.js:bundle.js --live -- -t babelify`
14 verbose stack Exit status 1
14 verbose stack     at EventEmitter.<anonymous> (/home/eggnog/.nvm/versions/node/v6.9.2/lib/node_modules/npm/lib/utils/lifecycle.js:255:16)
14 verbose stack     at emitTwo (events.js:106:13)
14 verbose stack     at EventEmitter.emit (events.js:191:7)
14 verbose stack     at ChildProcess.<anonymous> (/home/eggnog/.nvm/versions/node/v6.9.2/lib/node_modules/npm/lib/utils/spawn.js:40:14)
14 verbose stack     at emitTwo (events.js:106:13)
14 verbose stack     at ChildProcess.emit (events.js:191:7)
14 verbose stack     at maybeClose (internal/child_process.js:877:16)
14 verbose stack     at Process.ChildProcess._handle.onexit (internal/child_process.js:226:5)
15 verbose pkgid @
16 verbose cwd /home/eggnog/rabin-science/demo/maps
17 error Linux 4.8.0-49-generic
18 error argv "/home/eggnog/.nvm/versions/node/v6.9.2/bin/node" "/home/eggnog/.nvm/versions/node/v6.9.2/bin/npm" "start"
19 error node v6.9.2
20 error npm  v3.10.9
21 error code ELIFECYCLE
22 error @ start: `budo app.js:bundle.js --live -- -t babelify`
22 error Exit status 1
23 error Failed at the @ start script 'budo app.js:bundle.js --live -- -t babelify'.
23 error Make sure you have the latest version of node.js and npm installed.
23 error If you do, this is most likely a problem with the  package,
23 error not with npm itself.
23 error Tell the author that this fails on your system:
23 error     budo app.js:bundle.js --live -- -t babelify
23 error You can get information on how to open an issue for this project with:
23 error     npm bugs
23 error Or if that isn't available, you can get their info via:
23 error     npm owner ls
23 error There is likely additional logging output above.
24 verbose exit [ 1, true ]
